TN:
SF:src/App.tsx
FN:10,App
FN:13,(anonymous_1)
FN:17,(anonymous_2)
FN:18,(anonymous_3)
FN:19,(anonymous_4)
FNF:5
FNH:5
FNDA:4,App
FNDA:2,(anonymous_1)
FNDA:1,(anonymous_2)
FNDA:1,(anonymous_3)
FNDA:2,(anonymous_4)
DA:11,4
DA:13,4
DA:14,2
DA:15,2
DA:17,1
DA:18,1
DA:19,2
DA:20,2
DA:24,4
LF:9
LH:9
BRDA:17,0,0,1
BRDA:17,0,1,1
BRDA:18,1,0,1
BRDA:18,1,1,1
BRDA:27,2,0,4
BRDA:27,2,1,2
BRDA:28,3,0,4
BRDA:28,3,1,1
BRDA:29,4,0,4
BRDA:29,4,1,1
BRF:10
BRH:10
end_of_record
TN:
SF:src/api/client.ts
FN:15,constructor
FN:22,request
FN:34,(anonymous_2)
FNF:3
FNH:3
FNDA:3,constructor
FNDA:5,request
FNDA:5,(anonymous_2)
DA:16,3
DA:17,3
DA:18,3
DA:23,5
DA:27,5
DA:28,3
DA:30,2
DA:33,2
DA:34,5
LF:9
LH:9
BRDA:27,0,0,3
BRDA:27,0,1,2
BRDA:28,1,0,3
BRDA:28,1,1,3
BRF:4
BRH:4
end_of_record
